<?xml version="1.0" encoding="UTF-8"?>
<testng-results ignored="0" total="10" passed="8" failed="2" skipped="0">
  <reporter-output>
  </reporter-output>
  <suite started-at="2023-02-18T00:55:29Z" name="Suite" finished-at="2023-02-18T00:59:08Z" duration-ms="218447">
    <groups>
    </groups>
    <test started-at="2023-02-18T00:55:29Z" name="Test chrome" finished-at="2023-02-18T00:58:58Z" duration-ms="208598">
      <class name="AmazonTest">
        <test-method is-config="true" signature="Browserlaunch(java.lang.String)[pri:0, instance:AmazonTest@619713e5]" started-at="2023-02-18T00:55:29Z" name="Browserlaunch" finished-at="2023-02-18T00:55:38Z" duration-ms="8573" status="PASS">
          <params>
            <param index="0">
              <value>
                <![CDATA[chrome]]>
              </value>
            </param>
          </params>
          <reporter-output>
          </reporter-output>
        </test-method> <!-- Browserlaunch -->
        <test-method signature="changeSettingsTest()[pri:0, instance:AmazonTest@619713e5]" started-at="2023-02-18T00:55:38Z" name="changeSettingsTest" finished-at="2023-02-18T00:55:55Z" duration-ms="16920" status="PASS">
          <reporter-output>
          </reporter-output>
        </test-method> <!-- changeSettingsTest -->
        <test-method is-config="true" signature="teardownTest()[pri:0, instance:AmazonTest@619713e5]" started-at="2023-02-18T00:55:55Z" name="teardownTest" finished-at="2023-02-18T00:55:56Z" duration-ms="1332" status="PASS">
          <reporter-output>
          </reporter-output>
        </test-method> <!-- teardownTest -->
        <test-method is-config="true" signature="Browserlaunch(java.lang.String)[pri:0, instance:AmazonTest@619713e5]" started-at="2023-02-18T00:55:56Z" name="Browserlaunch" finished-at="2023-02-18T00:56:02Z" duration-ms="6380" status="PASS">
          <params>
            <param index="0">
              <value>
                <![CDATA[chrome]]>
              </value>
            </param>
          </params>
          <reporter-output>
          </reporter-output>
        </test-method> <!-- Browserlaunch -->
        <test-method signature="checkCartTest()[pri:0, instance:AmazonTest@619713e5]" started-at="2023-02-18T00:56:02Z" name="checkCartTest" finished-at="2023-02-18T00:56:48Z" duration-ms="46118" status="PASS">
          <reporter-output>
          </reporter-output>
        </test-method> <!-- checkCartTest -->
        <test-method is-config="true" signature="teardownTest()[pri:0, instance:AmazonTest@619713e5]" started-at="2023-02-18T00:56:48Z" name="teardownTest" finished-at="2023-02-18T00:56:53Z" duration-ms="4187" status="PASS">
          <reporter-output>
          </reporter-output>
        </test-method> <!-- teardownTest -->
        <test-method is-config="true" signature="Browserlaunch(java.lang.String)[pri:0, instance:AmazonTest@619713e5]" started-at="2023-02-18T00:56:53Z" name="Browserlaunch" finished-at="2023-02-18T00:56:59Z" duration-ms="6602" status="PASS">
          <params>
            <param index="0">
              <value>
                <![CDATA[chrome]]>
              </value>
            </param>
          </params>
          <reporter-output>
          </reporter-output>
        </test-method> <!-- Browserlaunch -->
        <test-method signature="checkFiltersTest()[pri:0, instance:AmazonTest@619713e5]" started-at="2023-02-18T00:56:59Z" name="checkFiltersTest" finished-at="2023-02-18T00:57:39Z" duration-ms="40073" status="PASS">
          <reporter-output>
          </reporter-output>
        </test-method> <!-- checkFiltersTest -->
        <test-method is-config="true" signature="teardownTest()[pri:0, instance:AmazonTest@619713e5]" started-at="2023-02-18T00:57:39Z" name="teardownTest" finished-at="2023-02-18T00:57:41Z" duration-ms="1646" status="PASS">
          <reporter-output>
          </reporter-output>
        </test-method> <!-- teardownTest -->
        <test-method is-config="true" signature="Browserlaunch(java.lang.String)[pri:0, instance:AmazonTest@619713e5]" started-at="2023-02-18T00:57:41Z" name="Browserlaunch" finished-at="2023-02-18T00:57:52Z" duration-ms="11346" status="PASS">
          <params>
            <param index="0">
              <value>
                <![CDATA[chrome]]>
              </value>
            </param>
          </params>
          <reporter-output>
          </reporter-output>
        </test-method> <!-- Browserlaunch -->
        <test-method signature="deleteProductTest()[pri:0, instance:AmazonTest@619713e5]" started-at="2023-02-18T00:57:52Z" name="deleteProductTest" finished-at="2023-02-18T00:58:20Z" duration-ms="27941" status="FAIL">
          <exception class="org.openqa.selenium.NoSuchElementException">
            <message>
              <![CDATA[no such element: Unable to locate element: {"method":"xpath","selector":"//*[@id="attach-sidesheet-view-cart-button"]/span/input"}
  (Session info: chrome=110.0.5481.97)
For documentation on this error, please visit: http://seleniumhq.org/exceptions/no_such_element.html
Build info: version: '3.12.0', revision: '7c6e0b3', time: '2018-05-08T14:04:26.12Z'
System info: host: 'DESKTOP-VR8NC81', ip: '192.168.0.11', os.name: 'Windows 10', os.arch: 'amd64', os.version: '10.0', java.version: '19.0.2'
Driver info: org.openqa.selenium.remote.RemoteWebDriver
Capabilities {acceptInsecureCerts: false, browserName: chrome, browserVersion: 110.0.5481.97, chrome: {chromedriverVersion: 110.0.5481.77 (65ed616c6e8e..., userDataDir: C:\Users\Nikolina\AppData\L...}, goog:chromeOptions: {debuggerAddress: localhost:55276}, javascriptEnabled: true, networkConnectionEnabled: false, pageLoadStrategy: normal, platform: WINDOWS, platformName: WINDOWS, proxy: Proxy(), se:bidiEnabled: false, se:cdp: ws://192.168.0.11:4444/sess..., se:cdpVersion: 110.0.5481.97, setWindowRect: true, strictFileInteractability: false, timeouts: {implicit: 0, pageLoad: 300000, script: 30000}, unhandledPromptBehavior: dismiss and notify, webauthn:extension:credBlob: true, webauthn:extension:largeBlob: true, webauthn:virtualAuthenticators: true}
Session ID: 291ac4c2627dd97d98b34d476d6c90e9
*** Element info: {Using=xpath, value=//*[@id="attach-sidesheet-view-cart-button"]/span/input}]]>
            </message>
            <full-stacktrace>
              <![CDATA[org.openqa.selenium.NoSuchElementException: no such element: Unable to locate element: {"method":"xpath","selector":"//*[@id="attach-sidesheet-view-cart-button"]/span/input"}
  (Session info: chrome=110.0.5481.97)
For documentation on this error, please visit: http://seleniumhq.org/exceptions/no_such_element.html
Build info: version: '3.12.0', revision: '7c6e0b3', time: '2018-05-08T14:04:26.12Z'
System info: host: 'DESKTOP-VR8NC81', ip: '192.168.0.11', os.name: 'Windows 10', os.arch: 'amd64', os.version: '10.0', java.version: '19.0.2'
Driver info: org.openqa.selenium.remote.RemoteWebDriver
Capabilities {acceptInsecureCerts: false, browserName: chrome, browserVersion: 110.0.5481.97, chrome: {chromedriverVersion: 110.0.5481.77 (65ed616c6e8e..., userDataDir: C:\Users\Nikolina\AppData\L...}, goog:chromeOptions: {debuggerAddress: localhost:55276}, javascriptEnabled: true, networkConnectionEnabled: false, pageLoadStrategy: normal, platform: WINDOWS, platformName: WINDOWS, proxy: Proxy(), se:bidiEnabled: false, se:cdp: ws://192.168.0.11:4444/sess..., se:cdpVersion: 110.0.5481.97, setWindowRect: true, strictFileInteractability: false, timeouts: {implicit: 0, pageLoad: 300000, script: 30000}, unhandledPromptBehavior: dismiss and notify, webauthn:extension:credBlob: true, webauthn:extension:largeBlob: true, webauthn:virtualAuthenticators: true}
Session ID: 291ac4c2627dd97d98b34d476d6c90e9
*** Element info: {Using=xpath, value=//*[@id="attach-sidesheet-view-cart-button"]/span/input}
at java.base/jdk.internal.reflect.DirectConstructorHandleAccessor.newInstance(DirectConstructorHandleAccessor.java:67)
at java.base/java.lang.reflect.Constructor.newInstanceWithCaller(Constructor.java:500)
at java.base/java.lang.reflect.Constructor.newInstance(Constructor.java:484)
at org.openqa.selenium.remote.http.W3CHttpResponseCodec.createException(W3CHttpResponseCodec.java:187)
at org.openqa.selenium.remote.http.W3CHttpResponseCodec.decode(W3CHttpResponseCodec.java:122)
at org.openqa.selenium.remote.http.W3CHttpResponseCodec.decode(W3CHttpResponseCodec.java:49)
at org.openqa.selenium.remote.HttpCommandExecutor.execute(HttpCommandExecutor.java:158)
at org.openqa.selenium.remote.RemoteWebDriver.execute(RemoteWebDriver.java:543)
at org.openqa.selenium.remote.RemoteWebDriver.findElement(RemoteWebDriver.java:317)
at org.openqa.selenium.remote.RemoteWebDriver.findElementByXPath(RemoteWebDriver.java:419)
at org.openqa.selenium.By$ByXPath.findElement(By.java:353)
at org.openqa.selenium.remote.RemoteWebDriver.findElement(RemoteWebDriver.java:309)
at AmazonProductPage.addProductToCart(AmazonProductPage.java:27)
at AmazonTest.deleteProductTest(AmazonTest.java:84)
at java.base/jdk.internal.reflect.DirectMethodHandleAccessor.invoke(DirectMethodHandleAccessor.java:104)
at java.base/java.lang.reflect.Method.invoke(Method.java:578)
at org.testng.internal.MethodInvocationHelper.invokeMethod(MethodInvocationHelper.java:124)
at org.testng.internal.Invoker.invokeMethod(Invoker.java:583)
at org.testng.internal.Invoker.invokeTestMethod(Invoker.java:719)
at org.testng.internal.Invoker.invokeTestMethods(Invoker.java:989)
at org.testng.internal.TestMethodWorker.invokeTestMethods(TestMethodWorker.java:125)
at org.testng.internal.TestMethodWorker.run(TestMethodWorker.java:109)
at org.testng.TestRunner.privateRun(TestRunner.java:648)
at org.testng.TestRunner.run(TestRunner.java:505)
at org.testng.SuiteRunner.runTest(SuiteRunner.java:455)
at org.testng.SuiteRunner.access$000(SuiteRunner.java:40)
at org.testng.SuiteRunner$SuiteWorker.run(SuiteRunner.java:489)
at org.testng.internal.thread.ThreadUtil$1.call(ThreadUtil.java:52)
at java.base/java.util.concurrent.FutureTask.run(FutureTask.java:317)
at java.base/java.util.concurrent.ThreadPoolExecutor.runWorker(ThreadPoolExecutor.java:1144)
at java.base/java.util.concurrent.ThreadPoolExecutor$Worker.run(ThreadPoolExecutor.java:642)
at java.base/java.lang.Thread.run(Thread.java:1589)
]]>
            </full-stacktrace>
          </exception> <!-- org.openqa.selenium.NoSuchElementException -->
          <reporter-output>
          </reporter-output>
        </test-method> <!-- deleteProductTest -->
        <test-method is-config="true" signature="teardownTest()[pri:0, instance:AmazonTest@619713e5]" started-at="2023-02-18T00:58:20Z" name="teardownTest" finished-at="2023-02-18T00:58:21Z" duration-ms="1238" status="PASS">
          <reporter-output>
          </reporter-output>
        </test-method> <!-- teardownTest -->
        <test-method is-config="true" signature="Browserlaunch(java.lang.String)[pri:0, instance:AmazonTest@619713e5]" started-at="2023-02-18T00:58:21Z" name="Browserlaunch" finished-at="2023-02-18T00:58:28Z" duration-ms="6141" status="PASS">
          <params>
            <param index="0">
              <value>
                <![CDATA[chrome]]>
              </value>
            </param>
          </params>
          <reporter-output>
          </reporter-output>
        </test-method> <!-- Browserlaunch -->
        <test-method signature="productSearchTest()[pri:0, instance:AmazonTest@619713e5]" started-at="2023-02-18T00:58:28Z" name="productSearchTest" finished-at="2023-02-18T00:58:57Z" duration-ms="29650" status="PASS">
          <reporter-output>
          </reporter-output>
        </test-method> <!-- productSearchTest -->
        <test-method is-config="true" signature="teardownTest()[pri:0, instance:AmazonTest@619713e5]" started-at="2023-02-18T00:58:57Z" name="teardownTest" finished-at="2023-02-18T00:58:58Z" duration-ms="419" status="PASS">
          <reporter-output>
          </reporter-output>
        </test-method> <!-- teardownTest -->
      </class> <!-- AmazonTest -->
    </test> <!-- Test chrome -->
    <test started-at="2023-02-18T00:55:29Z" name="Test edge" finished-at="2023-02-18T00:59:08Z" duration-ms="218447">
      <class name="AmazonTest">
        <test-method is-config="true" signature="Browserlaunch(java.lang.String)[pri:0, instance:AmazonTest@384ad17b]" started-at="2023-02-18T00:55:29Z" name="Browserlaunch" finished-at="2023-02-18T00:55:45Z" duration-ms="15435" status="PASS">
          <params>
            <param index="0">
              <value>
                <![CDATA[MicrosoftEdge]]>
              </value>
            </param>
          </params>
          <reporter-output>
          </reporter-output>
        </test-method> <!-- Browserlaunch -->
        <test-method signature="changeSettingsTest()[pri:0, instance:AmazonTest@384ad17b]" started-at="2023-02-18T00:55:45Z" name="changeSettingsTest" finished-at="2023-02-18T00:55:59Z" duration-ms="13956" status="PASS">
          <reporter-output>
          </reporter-output>
        </test-method> <!-- changeSettingsTest -->
        <test-method is-config="true" signature="teardownTest()[pri:0, instance:AmazonTest@384ad17b]" started-at="2023-02-18T00:55:59Z" name="teardownTest" finished-at="2023-02-18T00:56:00Z" duration-ms="1704" status="PASS">
          <reporter-output>
          </reporter-output>
        </test-method> <!-- teardownTest -->
        <test-method is-config="true" signature="Browserlaunch(java.lang.String)[pri:0, instance:AmazonTest@384ad17b]" started-at="2023-02-18T00:56:00Z" name="Browserlaunch" finished-at="2023-02-18T00:56:12Z" duration-ms="12249" status="PASS">
          <params>
            <param index="0">
              <value>
                <![CDATA[MicrosoftEdge]]>
              </value>
            </param>
          </params>
          <reporter-output>
          </reporter-output>
        </test-method> <!-- Browserlaunch -->
        <test-method signature="checkCartTest()[pri:0, instance:AmazonTest@384ad17b]" started-at="2023-02-18T00:56:12Z" name="checkCartTest" finished-at="2023-02-18T00:56:41Z" duration-ms="28580" status="FAIL">
          <exception class="org.openqa.selenium.NoSuchElementException">
            <message>
              <![CDATA[no such element: Unable to locate element: {"method":"xpath","selector":"//*[@id="attach-sidesheet-view-cart-button"]/span/input"}
  (Session info: MicrosoftEdge=110.0.1587.49)
For documentation on this error, please visit: http://seleniumhq.org/exceptions/no_such_element.html
Build info: version: '3.12.0', revision: '7c6e0b3', time: '2018-05-08T14:04:26.12Z'
System info: host: 'DESKTOP-VR8NC81', ip: '192.168.0.11', os.name: 'Windows 10', os.arch: 'amd64', os.version: '10.0', java.version: '19.0.2'
Driver info: org.openqa.selenium.remote.RemoteWebDriver
Capabilities {acceptInsecureCerts: false, browserName: msedge, browserVersion: 110.0.1587.49, javascriptEnabled: true, ms:edgeOptions: {debuggerAddress: localhost:54414}, msedge: {msedgedriverVersion: 110.0.1587.41 (dec2c0803210..., userDataDir: C:\Users\Nikolina\AppData\L...}, networkConnectionEnabled: false, pageLoadStrategy: normal, platform: ANY, platformName: ANY, proxy: Proxy(), se:bidiEnabled: false, se:cdp: ws://192.168.0.11:4444/sess..., se:cdpVersion: 110.0.1587.49, setWindowRect: true, strictFileInteractability: false, timeouts: {implicit: 0, pageLoad: 300000, script: 30000}, unhandledPromptBehavior: dismiss and notify, webauthn:extension:credBlob: true, webauthn:extension:largeBlob: true, webauthn:virtualAuthenticators: true}
Session ID: 8fc20e915ac66d1fa64b5602a4980987
*** Element info: {Using=xpath, value=//*[@id="attach-sidesheet-view-cart-button"]/span/input}]]>
            </message>
            <full-stacktrace>
              <![CDATA[org.openqa.selenium.NoSuchElementException: no such element: Unable to locate element: {"method":"xpath","selector":"//*[@id="attach-sidesheet-view-cart-button"]/span/input"}
  (Session info: MicrosoftEdge=110.0.1587.49)
For documentation on this error, please visit: http://seleniumhq.org/exceptions/no_such_element.html
Build info: version: '3.12.0', revision: '7c6e0b3', time: '2018-05-08T14:04:26.12Z'
System info: host: 'DESKTOP-VR8NC81', ip: '192.168.0.11', os.name: 'Windows 10', os.arch: 'amd64', os.version: '10.0', java.version: '19.0.2'
Driver info: org.openqa.selenium.remote.RemoteWebDriver
Capabilities {acceptInsecureCerts: false, browserName: msedge, browserVersion: 110.0.1587.49, javascriptEnabled: true, ms:edgeOptions: {debuggerAddress: localhost:54414}, msedge: {msedgedriverVersion: 110.0.1587.41 (dec2c0803210..., userDataDir: C:\Users\Nikolina\AppData\L...}, networkConnectionEnabled: false, pageLoadStrategy: normal, platform: ANY, platformName: ANY, proxy: Proxy(), se:bidiEnabled: false, se:cdp: ws://192.168.0.11:4444/sess..., se:cdpVersion: 110.0.1587.49, setWindowRect: true, strictFileInteractability: false, timeouts: {implicit: 0, pageLoad: 300000, script: 30000}, unhandledPromptBehavior: dismiss and notify, webauthn:extension:credBlob: true, webauthn:extension:largeBlob: true, webauthn:virtualAuthenticators: true}
Session ID: 8fc20e915ac66d1fa64b5602a4980987
*** Element info: {Using=xpath, value=//*[@id="attach-sidesheet-view-cart-button"]/span/input}
at java.base/jdk.internal.reflect.DirectConstructorHandleAccessor.newInstance(DirectConstructorHandleAccessor.java:67)
at java.base/java.lang.reflect.Constructor.newInstanceWithCaller(Constructor.java:500)
at java.base/java.lang.reflect.Constructor.newInstance(Constructor.java:484)
at org.openqa.selenium.remote.http.W3CHttpResponseCodec.createException(W3CHttpResponseCodec.java:187)
at org.openqa.selenium.remote.http.W3CHttpResponseCodec.decode(W3CHttpResponseCodec.java:122)
at org.openqa.selenium.remote.http.W3CHttpResponseCodec.decode(W3CHttpResponseCodec.java:49)
at org.openqa.selenium.remote.HttpCommandExecutor.execute(HttpCommandExecutor.java:158)
at org.openqa.selenium.remote.RemoteWebDriver.execute(RemoteWebDriver.java:543)
at org.openqa.selenium.remote.RemoteWebDriver.findElement(RemoteWebDriver.java:317)
at org.openqa.selenium.remote.RemoteWebDriver.findElementByXPath(RemoteWebDriver.java:419)
at org.openqa.selenium.By$ByXPath.findElement(By.java:353)
at org.openqa.selenium.remote.RemoteWebDriver.findElement(RemoteWebDriver.java:309)
at AmazonProductPage.addProductToCart(AmazonProductPage.java:27)
at AmazonTest.checkCartTest(AmazonTest.java:72)
at java.base/jdk.internal.reflect.DirectMethodHandleAccessor.invoke(DirectMethodHandleAccessor.java:104)
at java.base/java.lang.reflect.Method.invoke(Method.java:578)
at org.testng.internal.MethodInvocationHelper.invokeMethod(MethodInvocationHelper.java:124)
at org.testng.internal.Invoker.invokeMethod(Invoker.java:583)
at org.testng.internal.Invoker.invokeTestMethod(Invoker.java:719)
at org.testng.internal.Invoker.invokeTestMethods(Invoker.java:989)
at org.testng.internal.TestMethodWorker.invokeTestMethods(TestMethodWorker.java:125)
at org.testng.internal.TestMethodWorker.run(TestMethodWorker.java:109)
at org.testng.TestRunner.privateRun(TestRunner.java:648)
at org.testng.TestRunner.run(TestRunner.java:505)
at org.testng.SuiteRunner.runTest(SuiteRunner.java:455)
at org.testng.SuiteRunner.access$000(SuiteRunner.java:40)
at org.testng.SuiteRunner$SuiteWorker.run(SuiteRunner.java:489)
at org.testng.internal.thread.ThreadUtil$1.call(ThreadUtil.java:52)
at java.base/java.util.concurrent.FutureTask.run(FutureTask.java:317)
at java.base/java.util.concurrent.ThreadPoolExecutor.runWorker(ThreadPoolExecutor.java:1144)
at java.base/java.util.concurrent.ThreadPoolExecutor$Worker.run(ThreadPoolExecutor.java:642)
at java.base/java.lang.Thread.run(Thread.java:1589)
]]>
            </full-stacktrace>
          </exception> <!-- org.openqa.selenium.NoSuchElementException -->
          <reporter-output>
          </reporter-output>
        </test-method> <!-- checkCartTest -->
        <test-method is-config="true" signature="teardownTest()[pri:0, instance:AmazonTest@384ad17b]" started-at="2023-02-18T00:56:41Z" name="teardownTest" finished-at="2023-02-18T00:56:44Z" duration-ms="2980" status="PASS">
          <reporter-output>
          </reporter-output>
        </test-method> <!-- teardownTest -->
        <test-method is-config="true" signature="Browserlaunch(java.lang.String)[pri:0, instance:AmazonTest@384ad17b]" started-at="2023-02-18T00:56:44Z" name="Browserlaunch" finished-at="2023-02-18T00:56:52Z" duration-ms="7890" status="PASS">
          <params>
            <param index="0">
              <value>
                <![CDATA[MicrosoftEdge]]>
              </value>
            </param>
          </params>
          <reporter-output>
          </reporter-output>
        </test-method> <!-- Browserlaunch -->
        <test-method signature="checkFiltersTest()[pri:0, instance:AmazonTest@384ad17b]" started-at="2023-02-18T00:56:52Z" name="checkFiltersTest" finished-at="2023-02-18T00:57:33Z" duration-ms="41336" status="PASS">
          <reporter-output>
          </reporter-output>
        </test-method> <!-- checkFiltersTest -->
        <test-method is-config="true" signature="teardownTest()[pri:0, instance:AmazonTest@384ad17b]" started-at="2023-02-18T00:57:33Z" name="teardownTest" finished-at="2023-02-18T00:57:35Z" duration-ms="1808" status="PASS">
          <reporter-output>
          </reporter-output>
        </test-method> <!-- teardownTest -->
        <test-method is-config="true" signature="Browserlaunch(java.lang.String)[pri:0, instance:AmazonTest@384ad17b]" started-at="2023-02-18T00:57:35Z" name="Browserlaunch" finished-at="2023-02-18T00:57:44Z" duration-ms="8809" status="PASS">
          <params>
            <param index="0">
              <value>
                <![CDATA[MicrosoftEdge]]>
              </value>
            </param>
          </params>
          <reporter-output>
          </reporter-output>
        </test-method> <!-- Browserlaunch -->
        <test-method signature="deleteProductTest()[pri:0, instance:AmazonTest@384ad17b]" started-at="2023-02-18T00:57:44Z" name="deleteProductTest" finished-at="2023-02-18T00:58:26Z" duration-ms="42013" status="PASS">
          <reporter-output>
          </reporter-output>
        </test-method> <!-- deleteProductTest -->
        <test-method is-config="true" signature="teardownTest()[pri:0, instance:AmazonTest@384ad17b]" started-at="2023-02-18T00:58:26Z" name="teardownTest" finished-at="2023-02-18T00:58:27Z" duration-ms="1497" status="PASS">
          <reporter-output>
          </reporter-output>
        </test-method> <!-- teardownTest -->
        <test-method is-config="true" signature="Browserlaunch(java.lang.String)[pri:0, instance:AmazonTest@384ad17b]" started-at="2023-02-18T00:58:27Z" name="Browserlaunch" finished-at="2023-02-18T00:58:37Z" duration-ms="9891" status="PASS">
          <params>
            <param index="0">
              <value>
                <![CDATA[MicrosoftEdge]]>
              </value>
            </param>
          </params>
          <reporter-output>
          </reporter-output>
        </test-method> <!-- Browserlaunch -->
        <test-method signature="productSearchTest()[pri:0, instance:AmazonTest@384ad17b]" started-at="2023-02-18T00:58:37Z" name="productSearchTest" finished-at="2023-02-18T00:59:07Z" duration-ms="29723" status="PASS">
          <reporter-output>
          </reporter-output>
        </test-method> <!-- productSearchTest -->
        <test-method is-config="true" signature="teardownTest()[pri:0, instance:AmazonTest@384ad17b]" started-at="2023-02-18T00:59:07Z" name="teardownTest" finished-at="2023-02-18T00:59:08Z" duration-ms="529" status="PASS">
          <reporter-output>
          </reporter-output>
        </test-method> <!-- teardownTest -->
      </class> <!-- AmazonTest -->
    </test> <!-- Test edge -->
  </suite> <!-- Suite -->
</testng-results>
